2024-06-10 21:44:11 - httpx - INFO - HTTP Request: POST https://api.telegram.org/bot7323397448:AAEDTP8CrUCYuofwO0DLaYRvHBUtvPszjis/getUpdates "HTTP/1.1 200 OK"
2024-06-10 21:44:21 - httpx - INFO - HTTP Request: POST https://api.telegram.org/bot7323397448:AAEDTP8CrUCYuofwO0DLaYRvHBUtvPszjis/getUpdates "HTTP/1.1 200 OK"
2024-06-10 21:44:27 - httpx - INFO - HTTP Request: POST https://api.telegram.org/bot7323397448:AAEDTP8CrUCYuofwO0DLaYRvHBUtvPszjis/getUpdates "HTTP/1.1 200 OK"
2024-06-10 21:44:27 - telegram.ext.Application - INFO - Application is stopping. This might take a moment.
2024-06-10 21:44:27 - telegram.ext.Application - INFO - Application.stop() complete
2024-06-10 21:44:33 - src.bot - INFO - Memulai bot...
2024-06-10 21:44:34 - src.bot - INFO - Bot sedang berjalan. Tekan Ctrl+C untuk menghentikan.
2024-06-10 21:44:35 - httpx - INFO - HTTP Request: POST https://api.telegram.org/bot7323397448:AAEDTP8CrUCYuofwO0DLaYRvHBUtvPszjis/getMe "HTTP/1.1 200 OK"
2024-06-10 21:44:35 - httpx - INFO - HTTP Request: POST https://api.telegram.org/bot7323397448:AAEDTP8CrUCYuofwO0DLaYRvHBUtvPszjis/deleteWebhook "HTTP/1.1 200 OK"
2024-06-10 21:44:35 - telegram.ext.Application - INFO - Application started
2024-06-10 21:44:37 - httpx - INFO - HTTP Request: POST https://api.telegram.org/bot7323397448:AAEDTP8CrUCYuofwO0DLaYRvHBUtvPszjis/getUpdates "HTTP/1.1 200 OK"
2024-06-10 21:44:38 - httpx - INFO - HTTP Request: POST https://api.telegram.org/bot7323397448:AAEDTP8CrUCYuofwO0DLaYRvHBUtvPszjis/sendMessage "HTTP/1.1 200 OK"
2024-06-10 21:44:48 - httpx - INFO - HTTP Request: POST https://api.telegram.org/bot7323397448:AAEDTP8CrUCYuofwO0DLaYRvHBUtvPszjis/getUpdates "HTTP/1.1 200 OK"
2024-06-10 21:44:58 - httpx - INFO - HTTP Request: POST https://api.telegram.org/bot7323397448:AAEDTP8CrUCYuofwO0DLaYRvHBUtvPszjis/getUpdates "HTTP/1.1 200 OK"
2024-06-10 21:45:09 - httpx - INFO - HTTP Request: POST https://api.telegram.org/bot7323397448:AAEDTP8CrUCYuofwO0DLaYRvHBUtvPszjis/getUpdates "HTTP/1.1 200 OK"
2024-06-10 21:45:19 - httpx - INFO - HTTP Request: POST https://api.telegram.org/bot7323397448:AAEDTP8CrUCYuofwO0DLaYRvHBUtvPszjis/getUpdates "HTTP/1.1 200 OK"
2024-06-10 21:45:29 - httpx - INFO - HTTP Request: POST https://api.telegram.org/bot7323397448:AAEDTP8CrUCYuofwO0DLaYRvHBUtvPszjis/getUpdates "HTTP/1.1 200 OK"
2024-06-10 21:45:40 - httpx - INFO - HTTP Request: POST https://api.telegram.org/bot7323397448:AAEDTP8CrUCYuofwO0DLaYRvHBUtvPszjis/getUpdates "HTTP/1.1 200 OK"
2024-06-10 21:45:50 - httpx - INFO - HTTP Request: POST https://api.telegram.org/bot7323397448:AAEDTP8CrUCYuofwO0DLaYRvHBUtvPszjis/getUpdates "HTTP/1.1 200 OK"
2024-06-10 21:46:00 - httpx - INFO - HTTP Request: POST https://api.telegram.org/bot7323397448:AAEDTP8CrUCYuofwO0DLaYRvHBUtvPszjis/getUpdates "HTTP/1.1 200 OK"
2024-06-10 21:46:11 - httpx - INFO - HTTP Request: POST https://api.telegram.org/bot7323397448:AAEDTP8CrUCYuofwO0DLaYRvHBUtvPszjis/getUpdates "HTTP/1.1 200 OK"
2024-06-10 21:46:21 - httpx - INFO - HTTP Request: POST https://api.telegram.org/bot7323397448:AAEDTP8CrUCYuofwO0DLaYRvHBUtvPszjis/getUpdates "HTTP/1.1 200 OK"
2024-06-10 21:46:32 - httpx - INFO - HTTP Request: POST https://api.telegram.org/bot7323397448:AAEDTP8CrUCYuofwO0DLaYRvHBUtvPszjis/getUpdates "HTTP/1.1 200 OK"
2024-06-10 21:46:42 - httpx - INFO - HTTP Request: POST https://api.telegram.org/bot7323397448:AAEDTP8CrUCYuofwO0DLaYRvHBUtvPszjis/getUpdates "HTTP/1.1 200 OK"
2024-06-10 21:46:52 - httpx - INFO - HTTP Request: POST https://api.telegram.org/bot7323397448:AAEDTP8CrUCYuofwO0DLaYRvHBUtvPszjis/getUpdates "HTTP/1.1 200 OK"
2024-06-10 21:47:03 - httpx - INFO - HTTP Request: POST https://api.telegram.org/bot7323397448:AAEDTP8CrUCYuofwO0DLaYRvHBUtvPszjis/getUpdates "HTTP/1.1 200 OK"
2024-06-10 21:47:13 - httpx - INFO - HTTP Request: POST https://api.telegram.org/bot7323397448:AAEDTP8CrUCYuofwO0DLaYRvHBUtvPszjis/getUpdates "HTTP/1.1 200 OK"
2024-06-10 21:47:23 - httpx - INFO - HTTP Request: POST https://api.telegram.org/bot7323397448:AAEDTP8CrUCYuofwO0DLaYRvHBUtvPszjis/getUpdates "HTTP/1.1 200 OK"
2024-06-10 21:47:34 - httpx - INFO - HTTP Request: POST https://api.telegram.org/bot7323397448:AAEDTP8CrUCYuofwO0DLaYRvHBUtvPszjis/getUpdates "HTTP/1.1 200 OK"
2024-06-10 21:47:44 - httpx - INFO - HTTP Request: POST https://api.telegram.org/bot7323397448:AAEDTP8CrUCYuofwO0DLaYRvHBUtvPszjis/getUpdates "HTTP/1.1 200 OK"
2024-06-10 21:47:54 - httpx - INFO - HTTP Request: POST https://api.telegram.org/bot7323397448:AAEDTP8CrUCYuofwO0DLaYRvHBUtvPszjis/getUpdates "HTTP/1.1 200 OK"
2024-06-10 21:48:05 - httpx - INFO - HTTP Request: POST https://api.telegram.org/bot7323397448:AAEDTP8CrUCYuofwO0DLaYRvHBUtvPszjis/getUpdates "HTTP/1.1 200 OK"
2024-06-10 21:48:15 - httpx - INFO - HTTP Request: POST https://api.telegram.org/bot7323397448:AAEDTP8CrUCYuofwO0DLaYRvHBUtvPszjis/getUpdates "HTTP/1.1 200 OK"
2024-06-10 21:48:25 - httpx - INFO - HTTP Request: POST https://api.telegram.org/bot7323397448:AAEDTP8CrUCYuofwO0DLaYRvHBUtvPszjis/getUpdates "HTTP/1.1 200 OK"
2024-06-10 21:48:36 - httpx - INFO - HTTP Request: POST https://api.telegram.org/bot7323397448:AAEDTP8CrUCYuofwO0DLaYRvHBUtvPszjis/getUpdates "HTTP/1.1 200 OK"
2024-06-10 21:48:46 - httpx - INFO - HTTP Request: POST https://api.telegram.org/bot7323397448:AAEDTP8CrUCYuofwO0DLaYRvHBUtvPszjis/getUpdates "HTTP/1.1 200 OK"
2024-06-10 21:48:56 - httpx - INFO - HTTP Request: POST https://api.telegram.org/bot7323397448:AAEDTP8CrUCYuofwO0DLaYRvHBUtvPszjis/getUpdates "HTTP/1.1 200 OK"
2024-06-10 21:49:07 - httpx - INFO - HTTP Request: POST https://api.telegram.org/bot7323397448:AAEDTP8CrUCYuofwO0DLaYRvHBUtvPszjis/getUpdates "HTTP/1.1 200 OK"
2024-06-10 21:49:17 - httpx - INFO - HTTP Request: POST https://api.telegram.org/bot7323397448:AAEDTP8CrUCYuofwO0DLaYRvHBUtvPszjis/getUpdates "HTTP/1.1 200 OK"
2024-06-10 21:49:26 - httpx - INFO - HTTP Request: POST https://api.telegram.org/bot7323397448:AAEDTP8CrUCYuofwO0DLaYRvHBUtvPszjis/getUpdates "HTTP/1.1 200 OK"
2024-06-10 21:49:26 - telegram.ext.Application - INFO - Application is stopping. This might take a moment.
2024-06-10 21:49:26 - telegram.ext.Application - INFO - Application.stop() complete
2024-06-10 21:50:17 - src.bot - INFO - Memulai bot...
2024-06-10 21:50:17 - src.bot - INFO - Bot sedang berjalan. Tekan Ctrl+C untuk menghentikan.
2024-06-10 21:50:18 - httpx - INFO - HTTP Request: POST https://api.telegram.org/bot7323397448:AAEDTP8CrUCYuofwO0DLaYRvHBUtvPszjis/getMe "HTTP/1.1 200 OK"
2024-06-10 21:50:19 - httpx - INFO - HTTP Request: POST https://api.telegram.org/bot7323397448:AAEDTP8CrUCYuofwO0DLaYRvHBUtvPszjis/deleteWebhook "HTTP/1.1 200 OK"
2024-06-10 21:50:19 - telegram.ext.Application - INFO - Application started
2024-06-10 21:50:20 - httpx - INFO - HTTP Request: POST https://api.telegram.org/bot7323397448:AAEDTP8CrUCYuofwO0DLaYRvHBUtvPszjis/getUpdates "HTTP/1.1 200 OK"
2024-06-10 21:50:21 - httpx - INFO - HTTP Request: POST https://api.telegram.org/bot7323397448:AAEDTP8CrUCYuofwO0DLaYRvHBUtvPszjis/sendMessage "HTTP/1.1 200 OK"
2024-06-10 21:50:26 - httpx - INFO - HTTP Request: POST https://api.telegram.org/bot7323397448:AAEDTP8CrUCYuofwO0DLaYRvHBUtvPszjis/getUpdates "HTTP/1.1 200 OK"
2024-06-10 21:50:28 - httpx - INFO - HTTP Request: POST https://api.telegram.org/bot7323397448:AAEDTP8CrUCYuofwO0DLaYRvHBUtvPszjis/sendMessage "HTTP/1.1 200 OK"
2024-06-10 21:50:37 - httpx - INFO - HTTP Request: POST https://api.telegram.org/bot7323397448:AAEDTP8CrUCYuofwO0DLaYRvHBUtvPszjis/getUpdates "HTTP/1.1 200 OK"
2024-06-10 21:50:47 - httpx - INFO - HTTP Request: POST https://api.telegram.org/bot7323397448:AAEDTP8CrUCYuofwO0DLaYRvHBUtvPszjis/getUpdates "HTTP/1.1 200 OK"
2024-06-10 21:50:58 - httpx - INFO - HTTP Request: POST https://api.telegram.org/bot7323397448:AAEDTP8CrUCYuofwO0DLaYRvHBUtvPszjis/getUpdates "HTTP/1.1 200 OK"
2024-06-10 21:51:08 - httpx - INFO - HTTP Request: POST https://api.telegram.org/bot7323397448:AAEDTP8CrUCYuofwO0DLaYRvHBUtvPszjis/getUpdates "HTTP/1.1 200 OK"
2024-06-10 21:51:18 - httpx - INFO - HTTP Request: POST https://api.telegram.org/bot7323397448:AAEDTP8CrUCYuofwO0DLaYRvHBUtvPszjis/getUpdates "HTTP/1.1 200 OK"
2024-06-10 21:51:29 - httpx - INFO - HTTP Request: POST https://api.telegram.org/bot7323397448:AAEDTP8CrUCYuofwO0DLaYRvHBUtvPszjis/getUpdates "HTTP/1.1 200 OK"
2024-06-10 21:51:39 - httpx - INFO - HTTP Request: POST https://api.telegram.org/bot7323397448:AAEDTP8CrUCYuofwO0DLaYRvHBUtvPszjis/getUpdates "HTTP/1.1 200 OK"
2024-06-10 21:51:49 - httpx - INFO - HTTP Request: POST https://api.telegram.org/bot7323397448:AAEDTP8CrUCYuofwO0DLaYRvHBUtvPszjis/getUpdates "HTTP/1.1 200 OK"
2024-06-10 21:52:00 - httpx - INFO - HTTP Request: POST https://api.telegram.org/bot7323397448:AAEDTP8CrUCYuofwO0DLaYRvHBUtvPszjis/getUpdates "HTTP/1.1 200 OK"
2024-06-10 21:52:10 - httpx - INFO - HTTP Request: POST https://api.telegram.org/bot7323397448:AAEDTP8CrUCYuofwO0DLaYRvHBUtvPszjis/getUpdates "HTTP/1.1 200 OK"
2024-06-10 21:52:20 - httpx - INFO - HTTP Request: POST https://api.telegram.org/bot7323397448:AAEDTP8CrUCYuofwO0DLaYRvHBUtvPszjis/getUpdates "HTTP/1.1 200 OK"
2024-06-10 21:52:31 - httpx - INFO - HTTP Request: POST https://api.telegram.org/bot7323397448:AAEDTP8CrUCYuofwO0DLaYRvHBUtvPszjis/getUpdates "HTTP/1.1 200 OK"
2024-06-10 21:52:36 - httpx - INFO - HTTP Request: POST https://api.telegram.org/bot7323397448:AAEDTP8CrUCYuofwO0DLaYRvHBUtvPszjis/getUpdates "HTTP/1.1 200 OK"
2024-06-10 21:52:36 - telegram.ext.Application - INFO - Application is stopping. This might take a moment.
2024-06-10 21:52:36 - telegram.ext.Application - INFO - Application.stop() complete
2024-06-10 21:52:45 - src.bot - INFO - Memulai bot...
2024-06-10 21:52:45 - src.bot - INFO - Bot sedang berjalan. Tekan Ctrl+C untuk menghentikan.
2024-06-10 21:52:46 - httpx - INFO - HTTP Request: POST https://api.telegram.org/bot7323397448:AAEDTP8CrUCYuofwO0DLaYRvHBUtvPszjis/getMe "HTTP/1.1 200 OK"
2024-06-10 21:52:46 - httpx - INFO - HTTP Request: POST https://api.telegram.org/bot7323397448:AAEDTP8CrUCYuofwO0DLaYRvHBUtvPszjis/deleteWebhook "HTTP/1.1 200 OK"
2024-06-10 21:52:46 - telegram.ext.Application - INFO - Application started
2024-06-10 21:52:58 - httpx - INFO - HTTP Request: POST https://api.telegram.org/bot7323397448:AAEDTP8CrUCYuofwO0DLaYRvHBUtvPszjis/getUpdates "HTTP/1.1 200 OK"
2024-06-10 21:53:03 - httpx - INFO - HTTP Request: POST https://api.telegram.org/bot7323397448:AAEDTP8CrUCYuofwO0DLaYRvHBUtvPszjis/getUpdates "HTTP/1.1 200 OK"
2024-06-10 21:53:05 - httpx - INFO - HTTP Request: POST https://api.telegram.org/bot7323397448:AAEDTP8CrUCYuofwO0DLaYRvHBUtvPszjis/sendMessage "HTTP/1.1 200 OK"
2024-06-10 21:53:10 - httpx - INFO - HTTP Request: POST https://api.telegram.org/bot7323397448:AAEDTP8CrUCYuofwO0DLaYRvHBUtvPszjis/getUpdates "HTTP/1.1 200 OK"
2024-06-10 21:53:10 - httpx - INFO - HTTP Request: POST https://api.telegram.org/bot7323397448:AAEDTP8CrUCYuofwO0DLaYRvHBUtvPszjis/sendMessage "HTTP/1.1 200 OK"
2024-06-10 21:53:20 - httpx - INFO - HTTP Request: POST https://api.telegram.org/bot7323397448:AAEDTP8CrUCYuofwO0DLaYRvHBUtvPszjis/getUpdates "HTTP/1.1 200 OK"
2024-06-10 21:53:30 - httpx - INFO - HTTP Request: POST https://api.telegram.org/bot7323397448:AAEDTP8CrUCYuofwO0DLaYRvHBUtvPszjis/getUpdates "HTTP/1.1 200 OK"
2024-06-10 21:53:32 - httpx - INFO - HTTP Request: POST https://api.telegram.org/bot7323397448:AAEDTP8CrUCYuofwO0DLaYRvHBUtvPszjis/getUpdates "HTTP/1.1 200 OK"
2024-06-10 21:53:34 - httpx - INFO - HTTP Request: POST https://api.telegram.org/bot7323397448:AAEDTP8CrUCYuofwO0DLaYRvHBUtvPszjis/sendMessage "HTTP/1.1 200 OK"
2024-06-10 21:53:36 - httpx - INFO - HTTP Request: POST https://api.telegram.org/bot7323397448:AAEDTP8CrUCYuofwO0DLaYRvHBUtvPszjis/getUpdates "HTTP/1.1 200 OK"
2024-06-10 21:53:37 - httpx - INFO - HTTP Request: POST https://api.telegram.org/bot7323397448:AAEDTP8CrUCYuofwO0DLaYRvHBUtvPszjis/sendMessage "HTTP/1.1 200 OK"
2024-06-10 21:53:43 - httpx - INFO - HTTP Request: POST https://api.telegram.org/bot7323397448:AAEDTP8CrUCYuofwO0DLaYRvHBUtvPszjis/getUpdates "HTTP/1.1 200 OK"
2024-06-10 21:53:52 - httpx - INFO - HTTP Request: POST https://api.telegram.org/bot7323397448:AAEDTP8CrUCYuofwO0DLaYRvHBUtvPszjis/getUpdates "HTTP/1.1 200 OK"
2024-06-10 21:53:54 - httpx - INFO - HTTP Request: POST https://api.telegram.org/bot7323397448:AAEDTP8CrUCYuofwO0DLaYRvHBUtvPszjis/sendMessage "HTTP/1.1 200 OK"
2024-06-10 21:54:02 - httpx - INFO - HTTP Request: POST https://api.telegram.org/bot7323397448:AAEDTP8CrUCYuofwO0DLaYRvHBUtvPszjis/getUpdates "HTTP/1.1 200 OK"
2024-06-10 21:54:13 - httpx - INFO - HTTP Request: POST https://api.telegram.org/bot7323397448:AAEDTP8CrUCYuofwO0DLaYRvHBUtvPszjis/getUpdates "HTTP/1.1 200 OK"
2024-06-10 21:54:15 - httpx - INFO - HTTP Request: POST https://api.telegram.org/bot7323397448:AAEDTP8CrUCYuofwO0DLaYRvHBUtvPszjis/getUpdates "HTTP/1.1 200 OK"
2024-06-10 21:54:18 - httpx - INFO - HTTP Request: POST https://api.telegram.org/bot7323397448:AAEDTP8CrUCYuofwO0DLaYRvHBUtvPszjis/sendMessage "HTTP/1.1 200 OK"
2024-06-10 21:54:20 - httpx - INFO - HTTP Request: POST https://api.telegram.org/bot7323397448:AAEDTP8CrUCYuofwO0DLaYRvHBUtvPszjis/getUpdates "HTTP/1.1 200 OK"
2024-06-10 21:54:20 - httpx - INFO - HTTP Request: POST https://api.telegram.org/bot7323397448:AAEDTP8CrUCYuofwO0DLaYRvHBUtvPszjis/sendMessage "HTTP/1.1 200 OK"
2024-06-10 21:54:30 - httpx - INFO - HTTP Request: POST https://api.telegram.org/bot7323397448:AAEDTP8CrUCYuofwO0DLaYRvHBUtvPszjis/getUpdates "HTTP/1.1 200 OK"
2024-06-10 21:54:40 - httpx - INFO - HTTP Request: POST https://api.telegram.org/bot7323397448:AAEDTP8CrUCYuofwO0DLaYRvHBUtvPszjis/getUpdates "HTTP/1.1 200 OK"
2024-06-10 21:54:51 - httpx - INFO - HTTP Request: POST https://api.telegram.org/bot7323397448:AAEDTP8CrUCYuofwO0DLaYRvHBUtvPszjis/getUpdates "HTTP/1.1 200 OK"
2024-06-10 21:55:01 - httpx - INFO - HTTP Request: POST https://api.telegram.org/bot7323397448:AAEDTP8CrUCYuofwO0DLaYRvHBUtvPszjis/getUpdates "HTTP/1.1 200 OK"
2024-06-10 21:55:11 - httpx - INFO - HTTP Request: POST https://api.telegram.org/bot7323397448:AAEDTP8CrUCYuofwO0DLaYRvHBUtvPszjis/getUpdates "HTTP/1.1 200 OK"
2024-06-10 21:55:22 - httpx - INFO - HTTP Request: POST https://api.telegram.org/bot7323397448:AAEDTP8CrUCYuofwO0DLaYRvHBUtvPszjis/getUpdates "HTTP/1.1 200 OK"
2024-06-10 21:55:58 - httpx - INFO - HTTP Request: POST https://api.telegram.org/bot7323397448:AAEDTP8CrUCYuofwO0DLaYRvHBUtvPszjis/getUpdates "HTTP/1.1 200 OK"
2024-06-10 21:56:09 - httpx - INFO - HTTP Request: POST https://api.telegram.org/bot7323397448:AAEDTP8CrUCYuofwO0DLaYRvHBUtvPszjis/getUpdates "HTTP/1.1 200 OK"
2024-06-10 21:56:19 - httpx - INFO - HTTP Request: POST https://api.telegram.org/bot7323397448:AAEDTP8CrUCYuofwO0DLaYRvHBUtvPszjis/getUpdates "HTTP/1.1 200 OK"
